2004.10.11 12:45 B G:\Uzduotis1\UZDAVINIAI\17(MATRIX_MULTIPLICATION)\Matrix Multiplication_files\00000016.GIF --> uosis.mif.vu.lt /users/valdas/www/ALGORITMAI/Uzduotis1/UZDAVINIAI/17(MATRIX_MULTIPLICATION)/Matrix Multiplication_files 00000016.GIF
2004.10.11 12:45 B G:\Uzduotis1\UZDAVINIAI\17(MATRIX_MULTIPLICATION)\Matrix Multiplication_files\ALGO0006.GIF --> uosis.mif.vu.lt /users/valdas/www/ALGORITMAI/Uzduotis1/UZDAVINIAI/17(MATRIX_MULTIPLICATION)/Matrix Multiplication_files ALGO0006.GIF
2004.10.11 12:45 B G:\Uzduotis1\UZDAVINIAI\17(MATRIX_MULTIPLICATION)\Matrix Multiplication_files\CDHOME08.GIF --> uosis.mif.vu.lt /users/valdas/www/ALGORITMAI/Uzduotis1/UZDAVINIAI/17(MATRIX_MULTIPLICATION)/Matrix Multiplication_files CDHOME08.GIF
2004.10.11 12:45 B G:\Uzduotis1\UZDAVINIAI\17(MATRIX_MULTIPLICATION)\Matrix Multiplication_files\CONTOTIF.GIF --> uosis.mif.vu.lt /users/valdas/www/ALGORITMAI/Uzduotis1/UZDAVINIAI/17(MATRIX_MULTIPLICATION)/Matrix Multiplication_files CONTOTIF.GIF
2004.10.11 12:45 B G:\Uzduotis1\UZDAVINIAI\17(MATRIX_MULTIPLICATION)\Matrix Multiplication_files\CROSOTIF.GIF --> uosis.mif.vu.lt /users/valdas/www/ALGORITMAI/Uzduotis1/UZDAVINIAI/17(MATRIX_MULTIPLICATION)/Matrix Multiplication_files CROSOTIF.GIF
2004.10.11 12:45 B G:\Uzduotis1\UZDAVINIAI\17(MATRIX_MULTIPLICATION)\Matrix Multiplication_files\IMG1002.GIF --> uosis.mif.vu.lt /users/valdas/www/ALGORITMAI/Uzduotis1/UZDAVINIAI/17(MATRIX_MULTIPLICATION)/Matrix Multiplication_files IMG1002.GIF
2004.10.11 12:45 B G:\Uzduotis1\UZDAVINIAI\17(MATRIX_MULTIPLICATION)\Matrix Multiplication_files\IMG1003.GIF --> uosis.mif.vu.lt /users/valdas/www/ALGORITMAI/Uzduotis1/UZDAVINIAI/17(MATRIX_MULTIPLICATION)/Matrix Multiplication_files IMG1003.GIF
2004.10.11 12:45 B G:\Uzduotis1\UZDAVINIAI\17(MATRIX_MULTIPLICATION)\Matrix Multiplication_files\IMG1004.GIF --> uosis.mif.vu.lt /users/valdas/www/ALGORITMAI/Uzduotis1/UZDAVINIAI/17(MATRIX_MULTIPLICATION)/Matrix Multiplication_files IMG1004.GIF
2004.10.11 12:45 B G:\Uzduotis1\UZDAVINIAI\17(MATRIX_MULTIPLICATION)\Matrix Multiplication_files\IMG1009.GIF --> uosis.mif.vu.lt /users/valdas/www/ALGORITMAI/Uzduotis1/UZDAVINIAI/17(MATRIX_MULTIPLICATION)/Matrix Multiplication_files IMG1009.GIF
2004.10.11 12:45 B G:\Uzduotis1\UZDAVINIAI\17(MATRIX_MULTIPLICATION)\Matrix Multiplication_files\IMG1011.GIF --> uosis.mif.vu.lt /users/valdas/www/ALGORITMAI/Uzduotis1/UZDAVINIAI/17(MATRIX_MULTIPLICATION)/Matrix Multiplication_files IMG1011.GIF
2004.10.11 12:45 B G:\Uzduotis1\UZDAVINIAI\17(MATRIX_MULTIPLICATION)\Matrix Multiplication_files\IMG1012.GIF --> uosis.mif.vu.lt /users/valdas/www/ALGORITMAI/Uzduotis1/UZDAVINIAI/17(MATRIX_MULTIPLICATION)/Matrix Multiplication_files IMG1012.GIF
2004.10.11 12:45 B G:\Uzduotis1\UZDAVINIAI\17(MATRIX_MULTIPLICATION)\Matrix Multiplication_files\IMG1013.GIF --> uosis.mif.vu.lt /users/valdas/www/ALGORITMAI/Uzduotis1/UZDAVINIAI/17(MATRIX_MULTIPLICATION)/Matrix Multiplication_files IMG1013.GIF
2004.10.11 12:45 B G:\Uzduotis1\UZDAVINIAI\17(MATRIX_MULTIPLICATION)\Matrix Multiplication_files\IMG1014.GIF --> uosis.mif.vu.lt /users/valdas/www/ALGORITMAI/Uzduotis1/UZDAVINIAI/17(MATRIX_MULTIPLICATION)/Matrix Multiplication_files IMG1014.GIF
2004.10.11 12:45 B G:\Uzduotis1\UZDAVINIAI\17(MATRIX_MULTIPLICATION)\Matrix Multiplication_files\IMG1510.GIF --> uosis.mif.vu.lt /users/valdas/www/ALGORITMAI/Uzduotis1/UZDAVINIAI/17(MATRIX_MULTIPLICATION)/Matrix Multiplication_files IMG1510.GIF
2004.10.11 12:45 B G:\Uzduotis1\UZDAVINIAI\17(MATRIX_MULTIPLICATION)\Matrix Multiplication_files\IMG289.GIF --> uosis.mif.vu.lt /users/valdas/www/ALGORITMAI/Uzduotis1/UZDAVINIAI/17(MATRIX_MULTIPLICATION)/Matrix Multiplication_files IMG289.GIF
2004.10.11 12:45 B G:\Uzduotis1\UZDAVINIAI\17(MATRIX_MULTIPLICATION)\Matrix Multiplication_files\IMG988.GIF --> uosis.mif.vu.lt /users/valdas/www/ALGORITMAI/Uzduotis1/UZDAVINIAI/17(MATRIX_MULTIPLICATION)/Matrix Multiplication_files IMG988.GIF
2004.10.11 12:45 B G:\Uzduotis1\UZDAVINIAI\17(MATRIX_MULTIPLICATION)\Matrix Multiplication_files\IMG989.GIF --> uosis.mif.vu.lt /users/valdas/www/ALGORITMAI/Uzduotis1/UZDAVINIAI/17(MATRIX_MULTIPLICATION)/Matrix Multiplication_files IMG989.GIF
2004.10.11 12:45 B G:\Uzduotis1\UZDAVINIAI\17(MATRIX_MULTIPLICATION)\Matrix Multiplication_files\IMG990.GIF --> uosis.mif.vu.lt /users/valdas/www/ALGORITMAI/Uzduotis1/UZDAVINIAI/17(MATRIX_MULTIPLICATION)/Matrix Multiplication_files IMG990.GIF
2004.10.11 12:45 B G:\Uzduotis1\UZDAVINIAI\17(MATRIX_MULTIPLICATION)\Matrix Multiplication_files\IMG991.GIF --> uosis.mif.vu.lt /users/valdas/www/ALGORITMAI/Uzduotis1/UZDAVINIAI/17(MATRIX_MULTIPLICATION)/Matrix Multiplication_files IMG991.GIF
2004.10.11 12:45 B G:\Uzduotis1\UZDAVINIAI\17(MATRIX_MULTIPLICATION)\Matrix Multiplication_files\IMG992.GIF --> uosis.mif.vu.lt /users/valdas/www/ALGORITMAI/Uzduotis1/UZDAVINIAI/17(MATRIX_MULTIPLICATION)/Matrix Multiplication_files IMG992.GIF
2004.10.11 12:45 B G:\Uzduotis1\UZDAVINIAI\17(MATRIX_MULTIPLICATION)\Matrix Multiplication_files\IMG995.GIF --> uosis.mif.vu.lt /users/valdas/www/ALGORITMAI/Uzduotis1/UZDAVINIAI/17(MATRIX_MULTIPLICATION)/Matrix Multiplication_files IMG995.GIF
2004.10.11 12:45 B G:\Uzduotis1\UZDAVINIAI\17(MATRIX_MULTIPLICATION)\Matrix Multiplication_files\IMG996.GIF --> uosis.mif.vu.lt /users/valdas/www/ALGORITMAI/Uzduotis1/UZDAVINIAI/17(MATRIX_MULTIPLICATION)/Matrix Multiplication_files IMG996.GIF
2004.10.11 12:45 B G:\Uzduotis1\UZDAVINIAI\17(MATRIX_MULTIPLICATION)\Matrix Multiplication_files\IMG997.GIF --> uosis.mif.vu.lt /users/valdas/www/ALGORITMAI/Uzduotis1/UZDAVINIAI/17(MATRIX_MULTIPLICATION)/Matrix Multiplication_files IMG997.GIF
2004.10.11 12:45 B G:\Uzduotis1\UZDAVINIAI\17(MATRIX_MULTIPLICATION)\Matrix Multiplication_files\IMG998.GIF --> uosis.mif.vu.lt /users/valdas/www/ALGORITMAI/Uzduotis1/UZDAVINIAI/17(MATRIX_MULTIPLICATION)/Matrix Multiplication_files IMG998.GIF
2004.10.11 12:45 B G:\Uzduotis1\UZDAVINIAI\17(MATRIX_MULTIPLICATION)\Matrix Multiplication_files\INDEOTIF.GIF --> uosis.mif.vu.lt /users/valdas/www/ALGORITMAI/Uzduotis1/UZDAVINIAI/17(MATRIX_MULTIPLICATION)/Matrix Multiplication_files INDEOTIF.GIF
2004.10.11 12:45 B G:\Uzduotis1\UZDAVINIAI\17(MATRIX_MULTIPLICATION)\Matrix Multiplication_files\LECHOME5.GIF --> uosis.mif.vu.lt /users/valdas/www/ALGORITMAI/Uzduotis1/UZDAVINIAI/17(MATRIX_MULTIPLICATION)/Matrix Multiplication_files LECHOME5.GIF
2004.10.11 12:45 B G:\Uzduotis1\UZDAVINIAI\17(MATRIX_MULTIPLICATION)\Matrix Multiplication_files\NEXT_TIF.GIF --> uosis.mif.vu.lt /users/valdas/www/ALGORITMAI/Uzduotis1/UZDAVINIAI/17(MATRIX_MULTIPLICATION)/Matrix Multiplication_files NEXT_TIF.GIF
2004.10.11 12:45 B G:\Uzduotis1\UZDAVINIAI\17(MATRIX_MULTIPLICATION)\Matrix Multiplication_files\PS_MOTIF.GIF --> uosis.mif.vu.lt /users/valdas/www/ALGORITMAI/Uzduotis1/UZDAVINIAI/17(MATRIX_MULTIPLICATION)/Matrix Multiplication_files PS_MOTIF.GIF
