This is pdfTeX, Version 3.1415926-2.4-1.40.13 (MiKTeX 2.9 64-bit) (preloaded format=pdflatex 2014.6.23)  25 JUN 2014 23:04
entering extended mode
**atsitiktini≈≥*vektori≈≥*generavimas*Lukas*Klusis.tex

("E:\Cloud\GDrive\lukas@klusis.lt\MIF\Informatika\6 semestras\Tiriamasis semina
ras\Atsitiktini≈≥ vektori≈≥ generavimas - Lukas Klusis\LaTeX\atsitiktini≈≥ vekt
ori≈≥ generavimas Lukas Klusis.tex"
LaTeX2e <2011/06/27>
Babel <v3.8m> and hyphenation patterns for english, afrikaans, ancientgreek, ar
abic, armenian, assamese, basque, bengali, bokmal, bulgarian, catalan, coptic, 
croatian, czech, danish, dutch, esperanto, estonian, farsi, finnish, french, ga
lician, german, german-x-2012-05-30, greek, gujarati, hindi, hungarian, iceland
ic, indonesian, interlingua, irish, italian, kannada, kurmanji, latin, latvian,
 lithuanian, malayalam, marathi, mongolian, mongolianlmc, monogreek, ngerman, n
german-x-2012-05-30, nynorsk, oriya, panjabi, pinyin, polish, portuguese, roman
ian, russian, sanskrit, serbian, slovak, slovenian, spanish, swedish, swissgerm
an, tamil, telugu, turkish, turkmen, ukenglish, ukrainian, uppersorbian, usengl
ishmax, welsh, loaded.
("C:\Program Files\MiKTeX 2.9\tex\latex\base\article.cls"
Document Class: article 2007/10/19 v1.4h Standard LaTeX document class
("C:\Program Files\MiKTeX 2.9\tex\latex\base\size12.clo"
File: size12.clo 2007/10/19 v1.4h Standard LaTeX file (size option)
)
\c@part=\count79
\c@section=\count80
\c@subsection=\count81
\c@subsubsection=\count82
\c@paragraph=\count83
\c@subparagraph=\count84
\c@figure=\count85
\c@table=\count86
\abovecaptionskip=\skip41
\belowcaptionskip=\skip42
\bibindent=\dimen102
)
("C:\Program Files\MiKTeX 2.9\tex\latex\tools\verbatim.sty"
Package: verbatim 2003/08/22 v1.5q LaTeX2e package for verbatim enhancements
\every@verbatim=\toks14
\verbatim@line=\toks15
\verbatim@in@stream=\read1
)
("C:\Program Files\MiKTeX 2.9\tex\latex\graphics\color.sty"
Package: color 2005/11/14 v1.0j Standard LaTeX Color (DPC)

("C:\Program Files\MiKTeX 2.9\tex\latex\00miktex\color.cfg"
File: color.cfg 2007/01/18 v1.5 color configuration of teTeX/TeXLive
)
Package color Info: Driver file: pdftex.def on input line 130.

("C:\Program Files\MiKTeX 2.9\tex\latex\pdftex-def\pdftex.def"
File: pdftex.def 2011/05/27 v0.06d Graphics/color for pdfTeX

("C:\Program Files\MiKTeX 2.9\tex\generic\oberdiek\infwarerr.sty"
Package: infwarerr 2010/04/08 v1.3 Providing info/warning/error messages (HO)
)
("C:\Program Files\MiKTeX 2.9\tex\generic\oberdiek\ltxcmds.sty"
Package: ltxcmds 2011/11/09 v1.22 LaTeX kernel commands for general use (HO)
)
\Gread@gobject=\count87
))
("C:\Program Files\MiKTeX 2.9\tex\latex\subfigure\subfigure.sty"
Package: subfigure 2002/07/30 v2.1.4 subfigure package
\subfigtopskip=\skip43
\subfigcapskip=\skip44
\subfigcaptopadj=\dimen103
\subfigbottomskip=\skip45
\subfigcapmargin=\dimen104
\subfiglabelskip=\skip46
\c@subfigure=\count88
\c@lofdepth=\count89
\c@subtable=\count90
\c@lotdepth=\count91

****************************************
* Local config file subfigure.cfg used *
****************************************
("C:\Program Files\MiKTeX 2.9\tex\latex\subfigure\subfigure.cfg")
\subfig@top=\skip47
\subfig@bottom=\skip48
)
("C:\Program Files\MiKTeX 2.9\tex\latex\hyperref\hyperref.sty"
Package: hyperref 2012/11/06 v6.83m Hypertext links for LaTeX

("C:\Program Files\MiKTeX 2.9\tex\generic\oberdiek\hobsub-hyperref.sty"
Package: hobsub-hyperref 2012/04/25 v1.12 Bundle oberdiek, subset hyperref (HO)


("C:\Program Files\MiKTeX 2.9\tex\generic\oberdiek\hobsub-generic.sty"
Package: hobsub-generic 2012/04/25 v1.12 Bundle oberdiek, subset generic (HO)
Package: hobsub 2012/04/25 v1.12 Construct package bundles (HO)
Package hobsub Info: Skipping package `infwarerr' (already loaded).
Package hobsub Info: Skipping package `ltxcmds' (already loaded).
Package: ifluatex 2010/03/01 v1.3 Provides the ifluatex switch (HO)
Package ifluatex Info: LuaTeX not detected.
Package: ifvtex 2010/03/01 v1.5 Detect VTeX and its facilities (HO)
Package ifvtex Info: VTeX not detected.
Package: intcalc 2007/09/27 v1.1 Expandable calculations with integers (HO)
Package: ifpdf 2011/01/30 v2.3 Provides the ifpdf switch (HO)
Package ifpdf Info: pdfTeX in PDF mode is detected.
Package: etexcmds 2011/02/16 v1.5 Avoid name clashes with e-TeX commands (HO)
Package etexcmds Info: Could not find \expanded.
(etexcmds)             That can mean that you are not using pdfTeX 1.50 or
(etexcmds)             that some package has redefined \expanded.
(etexcmds)             In the latter case, load this package earlier.
Package: kvsetkeys 2012/04/25 v1.16 Key value parser (HO)
Package: kvdefinekeys 2011/04/07 v1.3 Define keys (HO)
Package: pdftexcmds 2011/11/29 v0.20 Utility functions of pdfTeX for LuaTeX (HO
)
Package pdftexcmds Info: LuaTeX not detected.
Package pdftexcmds Info: \pdf@primitive is available.
Package pdftexcmds Info: \pdf@ifprimitive is available.
Package pdftexcmds Info: \pdfdraftmode found.
Package: pdfescape 2011/11/25 v1.13 Implements pdfTeX's escape features (HO)
Package: bigintcalc 2012/04/08 v1.3 Expandable calculations on big integers (HO
)
Package: bitset 2011/01/30 v1.1 Handle bit-vector datatype (HO)
Package: uniquecounter 2011/01/30 v1.2 Provide unlimited unique counter (HO)
)
Package hobsub Info: Skipping package `hobsub' (already loaded).
Package: letltxmacro 2010/09/02 v1.4 Let assignment for LaTeX macros (HO)
Package: hopatch 2011/06/24 v1.1 Wrapper for package hooks (HO)
Package: xcolor-patch 2011/01/30 xcolor patch
Package: atveryend 2011/06/30 v1.8 Hooks at the very end of document (HO)
Package atveryend Info: \enddocument detected (standard20110627).
Package: atbegshi 2011/10/05 v1.16 At begin shipout hook (HO)
Package: refcount 2011/10/16 v3.4 Data extraction from label references (HO)
Package: hycolor 2011/01/30 v1.7 Color options for hyperref/bookmark (HO)
)
("C:\Program Files\MiKTeX 2.9\tex\latex\graphics\keyval.sty"
Package: keyval 1999/03/16 v1.13 key=value parser (DPC)
\KV@toks@=\toks16
)
("C:\Program Files\MiKTeX 2.9\tex\generic\ifxetex\ifxetex.sty"
Package: ifxetex 2010/09/12 v0.6 Provides ifxetex conditional
)
("C:\Program Files\MiKTeX 2.9\tex\latex\oberdiek\auxhook.sty"
Package: auxhook 2011/03/04 v1.3 Hooks for auxiliary files (HO)
)
("C:\Program Files\MiKTeX 2.9\tex\latex\oberdiek\kvoptions.sty"
Package: kvoptions 2011/06/30 v3.11 Key value format for package options (HO)
)
\@linkdim=\dimen105
\Hy@linkcounter=\count92
\Hy@pagecounter=\count93

("C:\Program Files\MiKTeX 2.9\tex\latex\hyperref\pd1enc.def"
File: pd1enc.def 2012/11/06 v6.83m Hyperref: PDFDocEncoding definition (HO)
)
\Hy@SavedSpaceFactor=\count94

("C:\Program Files\MiKTeX 2.9\tex\latex\00miktex\hyperref.cfg"
File: hyperref.cfg 2002/06/06 v1.2 hyperref configuration of TeXLive
)
Package hyperref Info: Hyper figures OFF on input line 4443.
Package hyperref Info: Link nesting OFF on input line 4448.
Package hyperref Info: Hyper index ON on input line 4451.
Package hyperref Info: Plain pages OFF on input line 4458.
Package hyperref Info: Backreferencing OFF on input line 4463.
Package hyperref Info: Implicit mode ON; LaTeX internals redefined.
Package hyperref Info: Bookmarks ON on input line 4688.
\c@Hy@tempcnt=\count95

("C:\Program Files\MiKTeX 2.9\tex\latex\ltxmisc\url.sty"
\Urlmuskip=\muskip10
Package: url 2006/04/12  ver 3.3  Verb mode for urls, etc.
)
LaTeX Info: Redefining \url on input line 5041.
\XeTeXLinkMargin=\dimen106
\Fld@menulength=\count96
\Field@Width=\dimen107
\Fld@charsize=\dimen108
Package hyperref Info: Hyper figures OFF on input line 6295.
Package hyperref Info: Link nesting OFF on input line 6300.
Package hyperref Info: Hyper index ON on input line 6303.
Package hyperref Info: backreferencing OFF on input line 6310.
Package hyperref Info: Link coloring OFF on input line 6315.
Package hyperref Info: Link coloring with OCG OFF on input line 6320.
Package hyperref Info: PDF/A mode OFF on input line 6325.
LaTeX Info: Redefining \ref on input line 6365.
LaTeX Info: Redefining \pageref on input line 6369.
\Hy@abspage=\count97
\c@Item=\count98
\c@Hfootnote=\count99
)

Package hyperref Message: Driver (autodetected): hpdftex.

("C:\Program Files\MiKTeX 2.9\tex\latex\hyperref\hpdftex.def"
File: hpdftex.def 2012/11/06 v6.83m Hyperref driver for pdfTeX
\Fld@listcount=\count100
\c@bookmark@seq@number=\count101

("C:\Program Files\MiKTeX 2.9\tex\latex\oberdiek\rerunfilecheck.sty"
Package: rerunfilecheck 2011/04/15 v1.7 Rerun checks for auxiliary files (HO)
Package uniquecounter Info: New unique counter `rerunfilecheck' on input line 2
82.
)
\Hy@SectionHShift=\skip49
)
("C:\Program Files\MiKTeX 2.9\tex\latex\bigints\bigints.sty"
Package: bigints 2010/02/15 Writing big integrals
Package bigints Info: This is Bigints by Merciadri Luca. on input line 5.

("C:\Program Files\MiKTeX 2.9\tex\latex\amsmath\amsmath.sty"
Package: amsmath 2013/01/14 v2.14 AMS math features
\@mathmargin=\skip50

For additional information on amsmath, use the `?' option.
("C:\Program Files\MiKTeX 2.9\tex\latex\amsmath\amstext.sty"
Package: amstext 2000/06/29 v2.01

("C:\Program Files\MiKTeX 2.9\tex\latex\amsmath\amsgen.sty"
File: amsgen.sty 1999/11/30 v2.0
\@emptytoks=\toks17
\ex@=\dimen109
))
("C:\Program Files\MiKTeX 2.9\tex\latex\amsmath\amsbsy.sty"
Package: amsbsy 1999/11/29 v1.2d
\pmbraise@=\dimen110
)
("C:\Program Files\MiKTeX 2.9\tex\latex\amsmath\amsopn.sty"
Package: amsopn 1999/12/14 v2.01 operator names
)
\inf@bad=\count102
LaTeX Info: Redefining \frac on input line 210.
\uproot@=\count103
\leftroot@=\count104
LaTeX Info: Redefining \overline on input line 306.
\classnum@=\count105
\DOTSCASE@=\count106
LaTeX Info: Redefining \ldots on input line 378.
LaTeX Info: Redefining \dots on input line 381.
LaTeX Info: Redefining \cdots on input line 466.
\Mathstrutbox@=\box26
\strutbox@=\box27
\big@size=\dimen111
LaTeX Font Info:    Redeclaring font encoding OML on input line 566.
LaTeX Font Info:    Redeclaring font encoding OMS on input line 567.
\macc@depth=\count107
\c@MaxMatrixCols=\count108
\dotsspace@=\muskip11
\c@parentequation=\count109
\dspbrk@lvl=\count110
\tag@help=\toks18
\row@=\count111
\column@=\count112
\maxfields@=\count113
\andhelp@=\toks19
\eqnshift@=\dimen112
\alignsep@=\dimen113
\tagshift@=\dimen114
\tagwidth@=\dimen115
\totwidth@=\dimen116
\lineht@=\dimen117
\@envbody=\toks20
\multlinegap=\skip51
\multlinetaggap=\skip52
\mathdisplay@stack=\toks21
LaTeX Info: Redefining \[ on input line 2665.
LaTeX Info: Redefining \] on input line 2666.
))
("C:\Program Files\MiKTeX 2.9\tex\latex\graphics\graphicx.sty"
Package: graphicx 1999/02/16 v1.0f Enhanced LaTeX Graphics (DPC,SPQR)

("C:\Program Files\MiKTeX 2.9\tex\latex\graphics\graphics.sty"
Package: graphics 2009/02/05 v1.0o Standard LaTeX Graphics (DPC,SPQR)

("C:\Program Files\MiKTeX 2.9\tex\latex\graphics\trig.sty"
Package: trig 1999/03/16 v1.09 sin cos tan (DPC)
)
("C:\Program Files\MiKTeX 2.9\tex\latex\00miktex\graphics.cfg"
File: graphics.cfg 2007/01/18 v1.5 graphics configuration of teTeX/TeXLive
)
Package graphics Info: Driver file: pdftex.def on input line 91.
)
\Gin@req@height=\dimen118
\Gin@req@width=\dimen119
)
("C:\Program Files\MiKTeX 2.9\tex\latex\base\inputenc.sty"
Package: inputenc 2008/03/30 v1.1d Input encoding file
\inpenc@prehook=\toks22
\inpenc@posthook=\toks23

("C:\Program Files\MiKTeX 2.9\tex\latex\ucs\utf8x.def"
File: utf8x.def 2004/10/17 UCS: Input encoding UTF-8
))
("C:\Program Files\MiKTeX 2.9\tex\latex\ucs\ucs.sty"
Package: ucs 2013/05/11 v2.2 UCS: Unicode input support

("C:\Program Files\MiKTeX 2.9\tex\latex\ucs\uni-global.def"
File: uni-global.def 2013/05/13 UCS: Unicode global data
)
\uc@secondtry=\count114
\uc@combtoks=\toks24
\uc@combtoksb=\toks25
\uc@temptokena=\toks26
)
("C:\Program Files\MiKTeX 2.9\tex\latex\base\fontenc.sty"
Package: fontenc 2005/09/27 v1.99g Standard LaTeX package

("C:\Program Files\MiKTeX 2.9\LitTex\texmf\tex\latex\ltfonts\l7xenc.def"
File: l7xenc.def 2008/10/14 v1.96 LaTeX-LT file
LaTeX Info: Redefining \selectfont on input line 30.
)
LaTeX Font Info:    Failed loading font information for L7x+cmr. on input line 
100.
LaTeX Font Info:    Try loading font information for L7x+lmr on input line 100.


("C:\Program Files\MiKTeX 2.9\tex\latex\lm\l7xlmr.fd"
File: l7xlmr.fd 2009/10/30 v1.6 Font defs for Latin Modern
))
("C:\Program Files\MiKTeX 2.9\tex\generic\babel\babel.sty"
Package: babel 2008/07/08 v3.8m The Babel package

*************************************
* Local config file bblopts.cfg used
*
("C:\Program Files\MiKTeX 2.9\tex\latex\00miktex\bblopts.cfg"
File: bblopts.cfg 2006/07/31 v1.0 MiKTeX 'babel' configuration
)
("C:\Program Files\MiKTeX 2.9\LitTex\texmf\tex\generic\babel\lithuanian.ldf"
Language: lithuanian 2006/09/20 v0.5 Lithuanian support from the babel system

("C:\Program Files\MiKTeX 2.9\tex\generic\babel\babel.def"
File: babel.def 2008/07/08 v3.8m Babel common definitions
\babel@savecnt=\count115
\U@D=\dimen120
)))
("E:\Cloud\GDrive\lukas@klusis.lt\MIF\Informatika\6 semestras\Tiriamasis semina
ras\Atsitiktini≈≥ vektori≈≥ generavimas - Lukas Klusis\LaTeX\atsitiktini≈≥ vekt
ori≈≥ generavimas Lukas Klusis.aux")
LaTeX Font Info:    Checking defaults for OML/cmm/m/it on input line 17.
LaTeX Font Info:    ... okay on input line 17.
LaTeX Font Info:    Checking defaults for T1/cmr/m/n on input line 17.
LaTeX Font Info:    ... okay on input line 17.
LaTeX Font Info:    Checking defaults for OT1/cmr/m/n on input line 17.
LaTeX Font Info:    ... okay on input line 17.
LaTeX Font Info:    Checking defaults for OMS/cmsy/m/n on input line 17.
LaTeX Font Info:    ... okay on input line 17.
LaTeX Font Info:    Checking defaults for OMX/cmex/m/n on input line 17.
LaTeX Font Info:    ... okay on input line 17.
LaTeX Font Info:    Checking defaults for U/cmr/m/n on input line 17.
LaTeX Font Info:    ... okay on input line 17.
LaTeX Font Info:    Checking defaults for PD1/pdf/m/n on input line 17.
LaTeX Font Info:    ... okay on input line 17.
LaTeX Font Info:    Checking defaults for L7x/lmr/m/n on input line 17.
LaTeX Font Info:    ... okay on input line 17.
LaTeX Font Info:    Failed loading font information for L7x+cmr. on input line 
17.

("C:\Program Files\MiKTeX 2.9\tex\context\base\supp-pdf.mkii"
[Loading MPS to PDF converter (version 2006.09.02).]
\scratchcounter=\count116
\scratchdimen=\dimen121
\scratchbox=\box28
\nofMPsegments=\count117
\nofMParguments=\count118
\everyMPshowfont=\toks27
\MPscratchCnt=\count119
\MPscratchDim=\dimen122
\MPnumerator=\count120
\makeMPintoPDFobject=\count121
\everyMPtoPDFconversion=\toks28
)
\AtBeginShipoutBox=\box29
Package hyperref Info: Link coloring OFF on input line 17.
 ("C:\Program Files\MiKTeX 2.9\tex\latex\hyperref\nameref.sty"
Package: nameref 2012/10/27 v2.43 Cross-referencing by name of section

("C:\Program Files\MiKTeX 2.9\tex\generic\oberdiek\gettitlestring.sty"
Package: gettitlestring 2010/12/03 v1.4 Cleanup title references (HO)
)
\c@section@level=\count122
)
LaTeX Info: Redefining \ref on input line 17.
LaTeX Info: Redefining \pageref on input line 17.
LaTeX Info: Redefining \nameref on input line 17.

("E:\Cloud\GDrive\lukas@klusis.lt\MIF\Informatika\6 semestras\Tiriamasis semina
ras\Atsitiktini≈≥ vektori≈≥ generavimas - Lukas Klusis\LaTeX\atsitiktini≈≥ vekt
ori≈≥ generavimas Lukas Klusis.out")
("E:\Cloud\GDrive\lukas@klusis.lt\MIF\Informatika\6 semestras\Tiriamasis semina
ras\Atsitiktini≈≥ vektori≈≥ generavimas - Lukas Klusis\LaTeX\atsitiktini≈≥ vekt
ori≈≥ generavimas Lukas Klusis.out")
\@outlinefile=\write3

("C:\Program Files\MiKTeX 2.9\tex\latex\ucs\ucsencs.def"
File: ucsencs.def 2011/01/21 Fixes to fontencodings LGR, T3
)
("C:\Program Files\MiKTeX 2.9\tex\latex\ucs\uni-1.def"
File: uni-1.def 2013/05/13 UCS: Unicode data U+0100..U+01FF
)
LaTeX Font Info:    Failed loading font information for L7x+cmr. on input line 
25.
LaTeX Font Info:    Failed loading font information for L7x+cmr. on input line 
31.
LaTeX Font Info:    Failed loading font information for L7x+cmr. on input line 
32.
LaTeX Font Info:    Failed loading font information for L7x+cmr. on input line 
38.
LaTeX Font Info:    Failed loading font information for L7x+cmr. on input line 
39.
LaTeX Font Info:    Failed loading font information for L7x+cmr. on input line 
40.

Underfull \hbox (badness 10000) in paragraph at lines 39--41

 []

LaTeX Font Info:    Failed loading font information for L7x+cmr. on input line 
42.

Overfull \hbox (8.87476pt too wide) in paragraph at lines 46--47
[]\L7x/lmr/m/n/12 Generuojame reik-mÊ $\OML/cmm/m/it/12 z[]$\L7x/lmr/m/n/12 , 
to-ki‡ kad ati-tik-t¯ pa-si-skirs-ty-mo funk-ci-j‡ $\OML/cmm/m/it/12 G[]\OT1/cm
r/m/n/12 (\OML/cmm/m/it/12 x[]\OT1/cmr/m/n/12 )$
 []

LaTeX Font Info:    Failed loading font information for L7x+cmr. on input line 
53.
LaTeX Font Info:    Failed loading font information for L7x+cmr. on input line 
53.
[1

{C:/ProgramData/MiKTeX/2.9/pdftex/config/pdftex.map}]
LaTeX Font Info:    Failed loading font information for L7x+cmr. on input line 
60.


Package hyperref Warning: Composite letter `\textdotaccent+e'
(hyperref)                not defined in PD1 encoding,
(hyperref)                removing `\textdotaccent' on input line 60.


Package hyperref Warning: Composite letter `\textasciicaron+c'
(hyperref)                not defined in PD1 encoding,
(hyperref)                removing `\textasciicaron' on input line 60.


Underfull \hbox (badness 10000) in paragraph at lines 62--64

 []

LaTeX Font Info:    Failed loading font information for L7x+cmr. on input line 
66.
LaTeX Font Info:    Failed loading font information for L7x+cmr. on input line 
77.
LaTeX Font Info:    Failed loading font information for L7x+cmr. on input line 
84.
LaTeX Font Info:    Failed loading font information for L7x+cmr. on input line 
90.
LaTeX Font Info:    Failed loading font information for L7x+cmr. on input line 
90.
LaTeX Font Info:    Failed loading font information for L7x+cmr. on input line 
90.
LaTeX Font Info:    Failed loading font information for L7x+cmr. on input line 
90.
("C:\Program Files\MiKTeX 2.9\tex\latex\ucs\uni-32.def"
File: uni-32.def 2013/05/13 UCS: Unicode data U+2000..U+20FF
)
LaTeX Font Info:    Failed loading font information for L7x+cmr. on input line 
98.
LaTeX Font Info:    Failed loading font information for L7x+cmr. on input line 
99.
LaTeX Font Info:    Failed loading font information for L7x+cmr. on input line 
99.
 [2]
LaTeX Font Info:    Failed loading font information for L7x+cmr. on input line 
113.
LaTeX Font Info:    Failed loading font information for L7x+cmr. on input line 
119.
LaTeX Font Info:    Failed loading font information for L7x+cmr. on input line 
119.
LaTeX Font Info:    Failed loading font information for L7x+cmr. on input line 
133.
LaTeX Font Info:    Failed loading font information for L7x+cmr. on input line 
133.
 [3pdfTeX warning (ext4): destination with the same identifier (name{equation.2
.5}) has been already used, duplicate ignored

\AtBegShi@Output ...ipout \box \AtBeginShipoutBox 
                                                  \fi \fi 
l.133 \end{equation}
                    pdfTeX warning (ext4): destination with the same identifier
 (name{equation.2.5}) has been already used, duplicate ignored

\AtBegShi@Output ...ipout \box \AtBeginShipoutBox 
                                                  \fi \fi 
l.133 \end{equation}
                    pdfTeX warning (ext4): destination with the same identifier
 (name{equation.2.5}) has been already used, duplicate ignored

\AtBegShi@Output ...ipout \box \AtBeginShipoutBox 
                                                  \fi \fi 
l.133 \end{equation}
                    pdfTeX warning (ext4): destination with the same identifier
 (name{equation.2.5}) has been already used, duplicate ignored

\AtBegShi@Output ...ipout \box \AtBeginShipoutBox 
                                                  \fi \fi 
l.133 \end{equation}
                    pdfTeX warning (ext4): destination with the same identifier
 (name{equation.2.5}) has been already used, duplicate ignored

\AtBegShi@Output ...ipout \box \AtBeginShipoutBox 
                                                  \fi \fi 
l.133 \end{equation}
                    ]pdfTeX warning (ext4): destination with the same identifie
r (name{equation.2.5}) has been already used, duplicate ignored
<to be read again> 
                   \relax 
l.138 \begin{equation}
                      
LaTeX Font Info:    Failed loading font information for L7x+cmr. on input line 
154.
LaTeX Font Info:    Failed loading font information for L7x+cmr. on input line 
154.
LaTeX Font Info:    Failed loading font information for L7x+cmr. on input line 
154.
LaTeX Font Info:    Failed loading font information for L7x+cmr. on input line 
158.
LaTeX Font Info:    Failed loading font information for L7x+cmr. on input line 
163.

Underfull \hbox (badness 10000) in paragraph at lines 163--165

 []

LaTeX Font Info:    Failed loading font information for L7x+cmr. on input line 
167.
LaTeX Font Info:    Failed loading font information for L7x+cmr. on input line 
178.
LaTeX Font Info:    Failed loading font information for L7x+cmr. on input line 
178.
[4pdfTeX warning (ext4): destination with the same identifier (name{equation.2.
5}) has been already used, duplicate ignored

\AtBegShi@Output ...ipout \box \AtBeginShipoutBox 
                                                  \fi \fi 
l.178 	\item P
              arodyti, kaip yra gaunama matrica $\bf{T}$, kai turime matricƒ...
]
LaTeX Font Info:    Failed loading font information for L7x+cmr. on input line 
182.
LaTeX Font Info:    Failed loading font information for L7x+cmr. on input line 
188.
LaTeX Font Info:    Failed loading font information for L7x+cmr. on input line 
188.
LaTeX Font Info:    Failed loading font information for L7x+cmr. on input line 
195.
LaTeX Font Info:    Failed loading font information for L7x+cmr. on input line 
195.
LaTeX Font Info:    Failed loading font information for L7x+cmr. on input line 
195.
LaTeX Font Info:    Failed loading font information for L7x+cmr. on input line 
195.
LaTeX Font Info:    Failed loading font information for L7x+cmr. on input line 
195.
LaTeX Font Info:    Failed loading font information for L7x+cmr. on input line 
195.
LaTeX Font Info:    Failed loading font information for L7x+cmr. on input line 
195.
LaTeX Font Info:    Failed loading font information for L7x+cmr. on input line 
195.
LaTeX Font Info:    Failed loading font information for L7x+cmr. on input line 
195.
LaTeX Font Info:    Failed loading font information for L7x+cmr. on input line 
196.
LaTeX Font Info:    Failed loading font information for L7x+cmr. on input line 
198.
LaTeX Font Info:    Failed loading font information for L7x+cmr. on input line 
198.
LaTeX Font Info:    Failed loading font information for L7x+cmr. on input line 
198.
LaTeX Font Info:    Failed loading font information for L7x+cmr. on input line 
198.
LaTeX Font Info:    Failed loading font information for L7x+cmr. on input line 
212.

Underfull \hbox (badness 10000) in paragraph at lines 214--215

 []

LaTeX Font Info:    Failed loading font information for L7x+cmr. on input line 
215.
LaTeX Font Info:    Failed loading font information for L7x+cmr. on input line 
215.
[5pdfTeX warning (ext4): destination with the same identifier (name{equation.3.
8}) has been already used, duplicate ignored

\AtBegShi@Output ...ipout \box \AtBeginShipoutBox 
                                                  \fi \fi 
l.215 
      ] <programa.png, id=96, 493.0922pt x 353.82187pt>
File: programa.png Graphic file (type png)
 <use programa.png>
Package pdftex.def Info: programa.png used on input line 217.
(pdftex.def)             Requested size: 384.1122pt x 275.63441pt.

Underfull \hbox (badness 10000) in paragraph at lines 216--218

 []

LaTeX Font Info:    Failed loading font information for L7x+cmr. on input line 
224.
LaTeX Font Info:    Failed loading font information for L7x+cmr. on input line 
227.
LaTeX Font Info:    Failed loading font information for L7x+cmr. on input line 
227.
[6 <E:/Cloud/GDrive/lukas@klusis.lt/MIF/Informatika/6 semestras/Tiriamasis semi
naras/Atsitiktini≈≥ vektori≈≥ generavimas - Lukas Klusis/LaTeX/programa.png>]
LaTeX Font Info:    Failed loading font information for L7x+cmr. on input line 
237.
LaTeX Font Info:    Failed loading font information for L7x+cmr. on input line 
237.

[7]
LaTeX Font Info:    Failed loading font information for L7x+cmr. on input line 
239.


Package hyperref Warning: Composite letter `\textasciimacron+u'
(hyperref)                not defined in PD1 encoding,
(hyperref)                removing `\textasciimacron' on input line 240.

LaTeX Font Info:    Failed loading font information for L7x+cmtt. on input line
 242.
Package atveryend Info: Empty hook `BeforeClearDocument' on input line 250.
LaTeX Font Info:    Failed loading font information for L7x+cmr. on input line 
250.
LaTeX Font Info:    Failed loading font information for L7x+cmr. on input line 
250.
[8]
Package atveryend Info: Empty hook `AfterLastShipout' on input line 250.

("E:\Cloud\GDrive\lukas@klusis.lt\MIF\Informatika\6 semestras\Tiriamasis semina
ras\Atsitiktini≈≥ vektori≈≥ generavimas - Lukas Klusis\LaTeX\atsitiktini≈≥ vekt
ori≈≥ generavimas Lukas Klusis.aux")
Package atveryend Info: Executing hook `AtVeryEndDocument' on input line 250.
Package atveryend Info: Executing hook `AtEndAfterFileList' on input line 250.
Package rerunfilecheck Info: File `atsitiktini≈≥*vektori≈≥*generavimas*Lukas*Kl
usis.out' has not changed.
(rerunfilecheck)             Checksum: <no file>.
Package atveryend Info: Empty hook `AtVeryVeryEnd' on input line 250.
 ) 
Here is how much of TeX's memory you used:
 7710 strings out of 493921
 108826 string characters out of 3147282
 195791 words of memory out of 3000000
 10855 multiletter control sequences out of 15000+200000
 30770 words of font info for 53 fonts, out of 3000000 for 9000
 841 hyphenation exceptions out of 8191
 33i,27n,38p,654b,561s stack positions out of 5000i,500n,10000p,200000b,50000s
{C:/Program Files/MiKTeX 2.9/fonts/enc/dvips/lm/lm-l7x.enc}<C:/Program Files/
MiKTeX 2.9/fonts/type1/public/amsfonts/cm/cmbx12.pfb><C:/Program Files/MiKTeX 2
.9/fonts/type1/public/amsfonts/cm/cmbx8.pfb><C:/Program Files/MiKTeX 2.9/fonts/
type1/public/amsfonts/cm/cmex10.pfb><C:/Program Files/MiKTeX 2.9/fonts/type1/pu
blic/amsfonts/cm/cmmi12.pfb><C:/Program Files/MiKTeX 2.9/fonts/type1/public/ams
fonts/cm/cmmi6.pfb><C:/Program Files/MiKTeX 2.9/fonts/type1/public/amsfonts/cm/
cmmi8.pfb><C:/Program Files/MiKTeX 2.9/fonts/type1/public/amsfonts/cm/cmr12.pfb
><C:/Program Files/MiKTeX 2.9/fonts/type1/public/amsfonts/cm/cmr6.pfb><C:/Progr
am Files/MiKTeX 2.9/fonts/type1/public/amsfonts/cm/cmr8.pfb><C:/Program Files/M
iKTeX 2.9/fonts/type1/public/amsfonts/cm/cmsy10.pfb><C:/Program Files/MiKTeX 2.
9/fonts/type1/public/amsfonts/cm/cmsy6.pfb><C:/Program Files/MiKTeX 2.9/fonts/t
ype1/public/amsfonts/cm/cmsy8.pfb><C:/Program Files/MiKTeX 2.9/fonts/type1/publ
ic/lm/lmbx12.pfb><C:/Program Files/MiKTeX 2.9/fonts/type1/public/lm/lmr10.pfb><
C:/Program Files/MiKTeX 2.9/fonts/type1/public/lm/lmr12.pfb><C:/Program Files/M
iKTeX 2.9/fonts/type1/public/lm/lmr7.pfb><C:/Program Files/MiKTeX 2.9/fonts/typ
e1/public/lm/lmr8.pfb><C:/Program Files/MiKTeX 2.9/fonts/type1/public/lm/lmri12
.pfb>
Output written on "atsitiktini≈≥ vektori≈≥ generavimas Lukas Klusis.pdf" (8 pag
es, 491005 bytes).
PDF statistics:
 192 PDF objects out of 1000 (max. 8388607)
 47 named destinations out of 1000 (max. 500000)
 46 words of extra memory for PDF output out of 10000 (max. 10000000)

